<?xml version="1.0" encoding="UTF-8"?>
<!-- Generated by org.testng.reporters.JUnitXMLReporter -->
<testsuite ignored="9" hostname="DESKTOP-GV2C5M4" failures="0" tests="1" name="Default test" time="3.33" errors="0" timestamp="2021-07-10T14:57:04 EDT">
  <testcase classname="api_tests.PetStoreTest" name="deletePet" time="3.278"/>
  <testcase classname="api_tests.PetStoreTest" name="findById" time="0.0">
    <ignored/>
  </testcase> <!-- findById -->
  <testcase classname="api_tests.PetStoreTest" name="findByInvalidUrl" time="0.0">
    <ignored/>
  </testcase> <!-- findByInvalidUrl -->
  <testcase classname="api_tests.PetStoreTest" name="addNewPetWithJsonFile" time="0.0">
    <ignored/>
  </testcase> <!-- addNewPetWithJsonFile -->
  <testcase classname="api_tests.PetStoreTest" name="addNewPet" time="0.0">
    <ignored/>
  </testcase> <!-- addNewPet -->
  <testcase classname="api_tests.PetStoreTest" name="addNewPetWithChainValidation" time="0.0">
    <ignored/>
  </testcase> <!-- addNewPetWithChainValidation -->
  <testcase classname="api_tests.PetStoreTest" name="findByInvalidId" time="0.0">
    <ignored/>
  </testcase> <!-- findByInvalidId -->
  <testcase classname="api_tests.PetStoreTest" name="findByStaus" time="0.0">
    <ignored/>
  </testcase> <!-- findByStaus -->
  <testcase classname="api_tests.PetStoreTest" name="updatePet" time="0.0">
    <ignored/>
  </testcase> <!-- updatePet -->
  <testcase classname="api_tests.PetStoreTest" name="addNewPetWithInvalidJsonData" time="0.0">
    <ignored/>
  </testcase> <!-- addNewPetWithInvalidJsonData -->
</testsuite> <!-- Default test -->
