<?xml version="1.0" encoding="UTF-8"?>
<testng-results ignored="11" total="12" passed="1" failed="0" skipped="0">
  <reporter-output>
  </reporter-output>
  <suite started-at="2021-08-05T18:32:17 EDT" name="Default suite" finished-at="2021-08-05T18:32:21 EDT" duration-ms="3772">
    <groups>
    </groups>
    <test started-at="2021-08-05T18:32:17 EDT" name="Default test" finished-at="2021-08-05T18:32:21 EDT" duration-ms="3772">
      <class name="api_tests.PetStoreTest">
        <test-method signature="addNewPetWithJsonFile()[pri:0, instance:api_tests.PetStoreTest@6bedbc4d]" started-at="2021-08-05T18:32:17 EDT" name="addNewPetWithJsonFile" finished-at="2021-08-05T18:32:21 EDT" duration-ms="3709" status="PASS">
          <reporter-output>
          </reporter-output>
        </test-method> <!-- addNewPetWithJsonFile -->
      </class> <!-- api_tests.PetStoreTest -->
    </test> <!-- Default test -->
  </suite> <!-- Default suite -->
</testng-results>
