<?xml version="1.0" encoding="UTF-8"?>
<testng-results ignored="9" total="10" passed="1" failed="0" skipped="0">
  <reporter-output>
  </reporter-output>
  <suite started-at="2021-07-10T14:57:01 EDT" name="Default suite" finished-at="2021-07-10T14:57:04 EDT" duration-ms="3330">
    <groups>
    </groups>
    <test started-at="2021-07-10T14:57:01 EDT" name="Default test" finished-at="2021-07-10T14:57:04 EDT" duration-ms="3330">
      <class name="api_tests.PetStoreTest">
        <test-method signature="deletePet()[pri:0, instance:api_tests.PetStoreTest@20f5239f]" started-at="2021-07-10T14:57:01 EDT" name="deletePet" finished-at="2021-07-10T14:57:04 EDT" duration-ms="3278" status="PASS">
          <reporter-output>
          </reporter-output>
        </test-method> <!-- deletePet -->
      </class> <!-- api_tests.PetStoreTest -->
    </test> <!-- Default test -->
  </suite> <!-- Default suite -->
</testng-results>
